<?xml version="1.0" encoding="UTF-8"?>
<testsuite name="com.github.tamadalab.beacher.CliTest" tests="1" skipped="0" failures="0" errors="0" timestamp="2022-12-16T04:53:10" hostname="Jin-MacBook-Air.local" time="0.003">
  <properties/>
  <testcase name="validateTest()" classname="com.github.tamadalab.beacher.CliTest" time="0.003"/>
  <system-out><![CDATA[]]></system-out>
  <system-err><![CDATA[]]></system-err>
</testsuite>
