<?xml version="1.0" encoding="UTF-8"?>
<testsuite name="com.github.tamadalab.beacher.BuildToolDefTest" tests="2" skipped="0" failures="0" errors="0" timestamp="2022-12-16T04:53:10" hostname="Jin-MacBook-Air.local" time="0.009">
  <properties/>
  <testcase name="testParseOther()" classname="com.github.tamadalab.beacher.BuildToolDefTest" time="0.003"/>
  <testcase name="testParse()" classname="com.github.tamadalab.beacher.BuildToolDefTest" time="0.005"/>
  <system-out><![CDATA[]]></system-out>
  <system-err><![CDATA[]]></system-err>
</testsuite>
