<?xml version="1.0" encoding="UTF-8"?>
<testsuite name="com.github.tamadalab.beacher.BuildToolDefTest" tests="2" skipped="0" failures="0" errors="0" timestamp="2022-12-15T07:38:12" hostname="nishihitoshinarinoMacBook-Pro.local" time="0.002">
  <properties/>
  <testcase name="testParseOther()" classname="com.github.tamadalab.beacher.BuildToolDefTest" time="0.001"/>
  <testcase name="testParse()" classname="com.github.tamadalab.beacher.BuildToolDefTest" time="0.001"/>
  <system-out><![CDATA[]]></system-out>
  <system-err><![CDATA[]]></system-err>
</testsuite>
