<?xml version="1.0" encoding="UTF-8"?>
<testsuite name="com.github.tamadalab.beacher.FormatterTest" tests="1" skipped="0" failures="0" errors="0" timestamp="2022-12-16T04:53:11" hostname="Jin-MacBook-Air.local" time="0.006">
  <properties/>
  <testcase name="Testbuild()" classname="com.github.tamadalab.beacher.FormatterTest" time="0.006"/>
  <system-out><![CDATA[]]></system-out>
  <system-err><![CDATA[]]></system-err>
</testsuite>
