<?xml version="1.0" encoding="UTF-8"?>
<testsuite name="com.github.tamadalab.beacher.BeacherTest" tests="2" skipped="0" failures="0" errors="0" timestamp="2022-12-16T04:53:10" hostname="Jin-MacBook-Air.local" time="0.248">
  <properties/>
  <testcase name="testMergeConstruct()" classname="com.github.tamadalab.beacher.BeacherTest" time="0.239"/>
  <testcase name="tsetDefinitionConstruct()" classname="com.github.tamadalab.beacher.BeacherTest" time="0.007"/>
  <system-out><![CDATA[]]></system-out>
  <system-err><![CDATA[]]></system-err>
</testsuite>
