<?xml version="1.0" encoding="UTF-8"?>
<testsuite name="com.github.tamadalab.beacher.JsonFormatterTest" tests="6" skipped="0" failures="0" errors="0" timestamp="2022-12-16T04:53:11" hostname="Jin-MacBook-Air.local" time="0.015">
  <properties/>
  <testcase name="testPrintDefHeader()" classname="com.github.tamadalab.beacher.JsonFormatterTest" time="0.001"/>
  <testcase name="printTest()" classname="com.github.tamadalab.beacher.JsonFormatterTest" time="0.002"/>
  <testcase name="testPrintFooter()" classname="com.github.tamadalab.beacher.JsonFormatterTest" time="0.001"/>
  <testcase name="testPrintEachTest()" classname="com.github.tamadalab.beacher.JsonFormatterTest" time="0.001"/>
  <testcase name="printDefsTest()" classname="com.github.tamadalab.beacher.JsonFormatterTest" time="0.001"/>
  <testcase name="testPrintDefFooter()" classname="com.github.tamadalab.beacher.JsonFormatterTest" time="0.002"/>
  <system-out><![CDATA[]]></system-out>
  <system-err><![CDATA[]]></system-err>
</testsuite>
