<?xml version="1.0" encoding="UTF-8"?>
<testsuite name="com.github.tamadalab.beacher.BeacherTest" tests="2" skipped="0" failures="0" errors="0" timestamp="2022-12-15T07:38:12" hostname="nishihitoshinarinoMacBook-Pro.local" time="0.07">
  <properties/>
  <testcase name="testMergeConstruct()" classname="com.github.tamadalab.beacher.BeacherTest" time="0.068"/>
  <testcase name="tsetDefinitionConstruct()" classname="com.github.tamadalab.beacher.BeacherTest" time="0.001"/>
  <system-out><![CDATA[]]></system-out>
  <system-err><![CDATA[]]></system-err>
</testsuite>
